2013-10-31 17:49:47.577 phantomjs[7401:707] *** WARNING: Method userSpaceScaleFactor in class NSView is deprecated on 10.7 and later. It should not be used in new applications. Use convertRectToBacking: instead. 
hello world
<testsuite name="Mocha Tests" tests="3" failures="1" errors="1" skipped="0" timestamp="Fri, 01 Nov 2013 00:49:47 GMT" time="0.008">
<testcase classname="isPrime()" name="should return false when i is null" time="0"/>
<testcase classname="basic test" name="should pass" time="0.001"/>
<testcase classname="basic test2" name="should fail" time="NaN" message="Unspecified AssertionError"><failure classname="basic test2" name="should fail" time="NaN" message="Unspecified AssertionError"><![CDATA[AssertionError: Unspecified AssertionError
    at file:///Users/marjorieroswell/Desktop/jsbootcamp1/bower_components/chai/chai.js:918
    at file:///Users/marjorieroswell/Desktop/jsbootcamp1/bower_components/chai/chai.js:2254
    at file:///Users/marjorieroswell/Desktop/jsbootcamp1/test/tester.html:47
    at file:///Users/marjorieroswell/Desktop/jsbootcamp1/bower_components/mocha/mocha.js:4217
    at file:///Users/marjorieroswell/Desktop/jsbootcamp1/bower_components/mocha/mocha.js:4591
    at file:///Users/marjorieroswell/Desktop/jsbootcamp1/bower_components/mocha/mocha.js:4650
    at next (file:///Users/marjorieroswell/Desktop/jsbootcamp1/bower_components/mocha/mocha.js:4517)
    at file:///Users/marjorieroswell/Desktop/jsbootcamp1/bower_components/mocha/mocha.js:4526
    at next (file:///Users/marjorieroswell/Desktop/jsbootcamp1/bower_components/mocha/mocha.js:4470)
    at file:///Users/marjorieroswell/Desktop/jsbootcamp1/bower_components/mocha/mocha.js:4494
    at timeslice (file:///Users/marjorieroswell/Desktop/jsbootcamp1/bower_components/mocha/mocha.js:5487)]]></failure></testcase>
</testsuite>
